<?xml version="1.0" encoding="UTF-8"?>
<testng-results ignored="0" total="1" passed="1" failed="0" skipped="0">
  <reporter-output>
  </reporter-output>
  <suite started-at="2025-09-14T23:58:34 EET" name="Default suite" finished-at="2025-09-14T23:58:36 EET" duration-ms="2012">
    <groups>
    </groups>
    <test started-at="2025-09-14T23:58:34 EET" name="Default test" finished-at="2025-09-14T23:58:36 EET" duration-ms="2012">
      <class name="SauceDemo">
        <test-method is-config="true" signature="setup()[pri:0, instance:SauceDemo@6fe1b4fb]" started-at="2025-09-14T23:58:34 EET" name="setup" finished-at="2025-09-14T23:58:35 EET" duration-ms="900" status="PASS">
          <reporter-output>
          </reporter-output>
        </test-method> <!-- setup -->
        <test-method signature="LoginwithValidCred()[pri:0, instance:SauceDemo@6fe1b4fb]" started-at="2025-09-14T23:58:35 EET" name="LoginwithValidCred" finished-at="2025-09-14T23:58:36 EET" duration-ms="1070" status="PASS">
          <reporter-output>
          </reporter-output>
        </test-method> <!-- LoginwithValidCred -->
      </class> <!-- SauceDemo -->
    </test> <!-- Default test -->
  </suite> <!-- Default suite -->
</testng-results>
